2026-01-07 18:32:52,929 - root - INFO - Logging to ./logs/train_single.log
2026-01-07 18:32:52,932 - __main__ - INFO - Starting single GPU training
2026-01-07 18:33:02,752 - root - INFO - Generating new negative samples
2026-01-07 18:33:02,753 - root - INFO - Generating negative samples with seed=98765
2026-01-07 18:34:01,197 - root - INFO - Saved negative samples to ./checkpoints/negative_test_size100_seed98765.pkl
2026-01-07 18:34:01,199 - root - INFO - Starting training...
2026-01-07 18:34:37,118 - root - INFO - Epoch 1/50
2026-01-07 18:34:37,119 - root - INFO -   Train Loss: 10.2512
2026-01-07 18:35:12,835 - root - INFO - Epoch 2/50
2026-01-07 18:35:12,836 - root - INFO -   Train Loss: 9.8501
2026-01-07 18:35:27,828 - root - INFO -   Validation Metrics:
2026-01-07 18:35:27,830 - root - INFO -     HitRate@5: 0.1661
2026-01-07 18:35:27,831 - root - INFO -     NDCG@5: 0.1088
2026-01-07 18:35:27,832 - root - INFO -     HitRate@10: 0.2703
2026-01-07 18:35:27,832 - root - INFO -     NDCG@10: 0.1421
2026-01-07 18:35:27,833 - root - INFO -     HitRate@15: 0.3512
2026-01-07 18:35:27,834 - root - INFO -     NDCG@15: 0.1635
2026-01-07 18:35:28,081 - root - INFO - Checkpoint saved to ./checkpoints/Bert4Rec.pth
2026-01-07 18:36:05,050 - root - INFO - Epoch 3/50
2026-01-07 18:36:05,050 - root - INFO -   Train Loss: 9.6311
2026-01-07 18:36:42,485 - root - INFO - Epoch 4/50
2026-01-07 18:36:42,486 - root - INFO -   Train Loss: 9.4998
2026-01-07 18:36:58,090 - root - INFO -   Validation Metrics:
2026-01-07 18:36:58,090 - root - INFO -     HitRate@5: 0.2170
2026-01-07 18:36:58,091 - root - INFO -     NDCG@5: 0.1466
2026-01-07 18:36:58,094 - root - INFO -     HitRate@10: 0.3227
2026-01-07 18:36:58,094 - root - INFO -     NDCG@10: 0.1806
2026-01-07 18:36:58,095 - root - INFO -     HitRate@15: 0.4043
2026-01-07 18:36:58,098 - root - INFO -     NDCG@15: 0.2021
2026-01-07 18:36:58,454 - root - INFO - Checkpoint saved to ./checkpoints/Bert4Rec.pth
2026-01-07 18:37:36,514 - root - INFO - Epoch 5/50
2026-01-07 18:37:36,515 - root - INFO -   Train Loss: 9.4179
2026-01-07 18:38:15,914 - root - INFO - Epoch 6/50
2026-01-07 18:38:15,915 - root - INFO -   Train Loss: 9.3656
2026-01-07 18:38:32,075 - root - INFO -   Validation Metrics:
2026-01-07 18:38:32,076 - root - INFO -     HitRate@5: 0.2471
2026-01-07 18:38:32,077 - root - INFO -     NDCG@5: 0.1690
2026-01-07 18:38:32,078 - root - INFO -     HitRate@10: 0.3580
2026-01-07 18:38:32,079 - root - INFO -     NDCG@10: 0.2047
2026-01-07 18:38:32,080 - root - INFO -     HitRate@15: 0.4390
2026-01-07 18:38:32,081 - root - INFO -     NDCG@15: 0.2261
2026-01-07 18:38:32,441 - root - INFO - Checkpoint saved to ./checkpoints/Bert4Rec.pth
2026-01-07 18:39:11,431 - root - INFO - Epoch 7/50
2026-01-07 18:39:11,433 - root - INFO -   Train Loss: 9.2793
2026-01-07 18:39:50,722 - root - INFO - Epoch 8/50
2026-01-07 18:39:50,724 - root - INFO -   Train Loss: 9.2423
2026-01-07 18:40:07,203 - root - INFO -   Validation Metrics:
2026-01-07 18:40:07,204 - root - INFO -     HitRate@5: 0.2580
2026-01-07 18:40:07,204 - root - INFO -     NDCG@5: 0.1794
2026-01-07 18:40:07,206 - root - INFO -     HitRate@10: 0.3675
2026-01-07 18:40:07,207 - root - INFO -     NDCG@10: 0.2146
2026-01-07 18:40:07,208 - root - INFO -     HitRate@15: 0.4449
2026-01-07 18:40:07,209 - root - INFO -     NDCG@15: 0.2350
2026-01-07 18:40:07,489 - root - INFO - Checkpoint saved to ./checkpoints/Bert4Rec.pth
2026-01-07 18:40:46,772 - root - INFO - Epoch 9/50
2026-01-07 18:40:46,773 - root - INFO -   Train Loss: 9.2024
2026-01-07 18:41:25,999 - root - INFO - Epoch 10/50
2026-01-07 18:41:26,000 - root - INFO -   Train Loss: 9.1616
2026-01-07 18:41:42,227 - root - INFO -   Validation Metrics:
2026-01-07 18:41:42,228 - root - INFO -     HitRate@5: 0.2828
2026-01-07 18:41:42,229 - root - INFO -     NDCG@5: 0.1999
2026-01-07 18:41:42,231 - root - INFO -     HitRate@10: 0.3933
2026-01-07 18:41:42,232 - root - INFO -     NDCG@10: 0.2354
2026-01-07 18:41:42,233 - root - INFO -     HitRate@15: 0.4727
2026-01-07 18:41:42,234 - root - INFO -     NDCG@15: 0.2564
2026-01-07 18:41:42,594 - root - INFO - Checkpoint saved to ./checkpoints/Bert4Rec.pth
2026-01-07 18:42:21,940 - root - INFO - Epoch 11/50
2026-01-07 18:42:21,941 - root - INFO -   Train Loss: 9.1115
2026-01-07 18:43:01,126 - root - INFO - Epoch 12/50
2026-01-07 18:43:01,127 - root - INFO -   Train Loss: 9.0761
2026-01-07 18:43:17,199 - root - INFO -   Validation Metrics:
2026-01-07 18:43:17,200 - root - INFO -     HitRate@5: 0.2940
2026-01-07 18:43:17,201 - root - INFO -     NDCG@5: 0.2089
2026-01-07 18:43:17,203 - root - INFO -     HitRate@10: 0.4038
2026-01-07 18:43:17,205 - root - INFO -     NDCG@10: 0.2442
2026-01-07 18:43:17,207 - root - INFO -     HitRate@15: 0.4808
2026-01-07 18:43:17,207 - root - INFO -     NDCG@15: 0.2645
2026-01-07 18:43:17,493 - root - INFO - Checkpoint saved to ./checkpoints/Bert4Rec.pth
2026-01-07 18:43:56,769 - root - INFO - Epoch 13/50
2026-01-07 18:43:56,770 - root - INFO -   Train Loss: 9.0246
2026-01-07 18:44:36,033 - root - INFO - Epoch 14/50
2026-01-07 18:44:36,034 - root - INFO -   Train Loss: 8.9892
2026-01-07 18:44:52,086 - root - INFO -   Validation Metrics:
2026-01-07 18:44:52,087 - root - INFO -     HitRate@5: 0.3024
2026-01-07 18:44:52,088 - root - INFO -     NDCG@5: 0.2160
2026-01-07 18:44:52,090 - root - INFO -     HitRate@10: 0.4112
2026-01-07 18:44:52,090 - root - INFO -     NDCG@10: 0.2511
2026-01-07 18:44:52,092 - root - INFO -     HitRate@15: 0.4896
2026-01-07 18:44:52,093 - root - INFO -     NDCG@15: 0.2718
2026-01-07 18:44:52,366 - root - INFO - Checkpoint saved to ./checkpoints/Bert4Rec.pth
2026-01-07 18:45:31,627 - root - INFO - Epoch 15/50
2026-01-07 18:45:31,628 - root - INFO -   Train Loss: 8.9571
2026-01-07 18:46:10,843 - root - INFO - Epoch 16/50
2026-01-07 18:46:10,845 - root - INFO -   Train Loss: 8.9241
2026-01-07 18:46:27,452 - root - INFO -   Validation Metrics:
2026-01-07 18:46:27,453 - root - INFO -     HitRate@5: 0.3099
2026-01-07 18:46:27,454 - root - INFO -     NDCG@5: 0.2235
2026-01-07 18:46:27,454 - root - INFO -     HitRate@10: 0.4174
2026-01-07 18:46:27,455 - root - INFO -     NDCG@10: 0.2582
2026-01-07 18:46:27,455 - root - INFO -     HitRate@15: 0.4958
2026-01-07 18:46:27,456 - root - INFO -     NDCG@15: 0.2789
2026-01-07 18:46:27,734 - root - INFO - Checkpoint saved to ./checkpoints/Bert4Rec.pth
2026-01-07 18:47:07,008 - root - INFO - Epoch 17/50
2026-01-07 18:47:07,009 - root - INFO -   Train Loss: 8.8846
2026-01-07 18:47:46,214 - root - INFO - Epoch 18/50
2026-01-07 18:47:46,215 - root - INFO -   Train Loss: 8.8649
2026-01-07 18:48:02,419 - root - INFO -   Validation Metrics:
2026-01-07 18:48:02,420 - root - INFO -     HitRate@5: 0.3116
2026-01-07 18:48:02,421 - root - INFO -     NDCG@5: 0.2266
2026-01-07 18:48:02,421 - root - INFO -     HitRate@10: 0.4225
2026-01-07 18:48:02,423 - root - INFO -     NDCG@10: 0.2624
2026-01-07 18:48:02,424 - root - INFO -     HitRate@15: 0.4992
2026-01-07 18:48:02,425 - root - INFO -     NDCG@15: 0.2826
2026-01-07 18:48:02,793 - root - INFO - Checkpoint saved to ./checkpoints/Bert4Rec.pth
2026-01-07 18:48:42,150 - root - INFO - Epoch 19/50
2026-01-07 18:48:42,151 - root - INFO -   Train Loss: 8.8124
2026-01-07 18:49:21,331 - root - INFO - Epoch 20/50
2026-01-07 18:49:21,334 - root - INFO -   Train Loss: 8.7603
2026-01-07 18:49:37,434 - root - INFO -   Validation Metrics:
2026-01-07 18:49:37,435 - root - INFO -     HitRate@5: 0.3195
2026-01-07 18:49:37,436 - root - INFO -     NDCG@5: 0.2325
2026-01-07 18:49:37,437 - root - INFO -     HitRate@10: 0.4278
2026-01-07 18:49:37,439 - root - INFO -     NDCG@10: 0.2674
2026-01-07 18:49:37,439 - root - INFO -     HitRate@15: 0.5047
2026-01-07 18:49:37,440 - root - INFO -     NDCG@15: 0.2877
2026-01-07 18:49:37,717 - root - INFO - Checkpoint saved to ./checkpoints/Bert4Rec.pth
2026-01-07 18:50:17,053 - root - INFO - Epoch 21/50
2026-01-07 18:50:17,054 - root - INFO -   Train Loss: 8.7476
2026-01-07 18:50:56,257 - root - INFO - Epoch 22/50
2026-01-07 18:50:56,258 - root - INFO -   Train Loss: 8.7041
2026-01-07 18:51:12,328 - root - INFO -   Validation Metrics:
2026-01-07 18:51:12,329 - root - INFO -     HitRate@5: 0.3221
2026-01-07 18:51:12,331 - root - INFO -     NDCG@5: 0.2356
2026-01-07 18:51:12,332 - root - INFO -     HitRate@10: 0.4293
2026-01-07 18:51:12,333 - root - INFO -     NDCG@10: 0.2702
2026-01-07 18:51:12,334 - root - INFO -     HitRate@15: 0.5044
2026-01-07 18:51:12,335 - root - INFO -     NDCG@15: 0.2901
2026-01-07 18:51:12,714 - root - INFO - Checkpoint saved to ./checkpoints/Bert4Rec.pth
2026-01-07 18:51:51,957 - root - INFO - Epoch 23/50
2026-01-07 18:51:51,958 - root - INFO -   Train Loss: 8.6924
2026-01-07 18:52:31,173 - root - INFO - Epoch 24/50
2026-01-07 18:52:31,174 - root - INFO -   Train Loss: 8.6477
2026-01-07 18:52:47,503 - root - INFO -   Validation Metrics:
2026-01-07 18:52:47,504 - root - INFO -     HitRate@5: 0.3288
2026-01-07 18:52:47,506 - root - INFO -     NDCG@5: 0.2418
2026-01-07 18:52:47,506 - root - INFO -     HitRate@10: 0.4358
2026-01-07 18:52:47,509 - root - INFO -     NDCG@10: 0.2762
2026-01-07 18:52:47,510 - root - INFO -     HitRate@15: 0.5113
2026-01-07 18:52:47,511 - root - INFO -     NDCG@15: 0.2962
2026-01-07 18:52:47,805 - root - INFO - Checkpoint saved to ./checkpoints/Bert4Rec.pth
2026-01-07 18:53:27,039 - root - INFO - Epoch 25/50
2026-01-07 18:53:27,040 - root - INFO -   Train Loss: 8.6348
2026-01-07 18:54:06,216 - root - INFO - Epoch 26/50
2026-01-07 18:54:06,217 - root - INFO -   Train Loss: 8.5869
2026-01-07 18:54:22,509 - root - INFO -   Validation Metrics:
2026-01-07 18:54:22,510 - root - INFO -     HitRate@5: 0.3213
2026-01-07 18:54:22,511 - root - INFO -     NDCG@5: 0.2358
2026-01-07 18:54:22,512 - root - INFO -     HitRate@10: 0.4246
2026-01-07 18:54:22,512 - root - INFO -     NDCG@10: 0.2691
2026-01-07 18:54:22,513 - root - INFO -     HitRate@15: 0.5003
2026-01-07 18:54:22,514 - root - INFO -     NDCG@15: 0.2891
2026-01-07 18:55:01,845 - root - INFO - Epoch 27/50
2026-01-07 18:55:01,846 - root - INFO -   Train Loss: 8.5556
2026-01-07 18:55:41,025 - root - INFO - Epoch 28/50
2026-01-07 18:55:41,026 - root - INFO -   Train Loss: 8.5236
2026-01-07 18:55:57,096 - root - INFO -   Validation Metrics:
2026-01-07 18:55:57,097 - root - INFO -     HitRate@5: 0.3288
2026-01-07 18:55:57,098 - root - INFO -     NDCG@5: 0.2423
2026-01-07 18:55:57,099 - root - INFO -     HitRate@10: 0.4313
2026-01-07 18:55:57,100 - root - INFO -     NDCG@10: 0.2754
2026-01-07 18:55:57,102 - root - INFO -     HitRate@15: 0.5053
2026-01-07 18:55:57,103 - root - INFO -     NDCG@15: 0.2949
2026-01-07 18:56:36,362 - root - INFO - Epoch 29/50
2026-01-07 18:56:36,365 - root - INFO -   Train Loss: 8.5114
2026-01-07 18:57:15,589 - root - INFO - Epoch 30/50
2026-01-07 18:57:15,591 - root - INFO -   Train Loss: 8.4718
2026-01-07 18:57:31,504 - root - INFO -   Validation Metrics:
2026-01-07 18:57:31,505 - root - INFO -     HitRate@5: 0.3265
2026-01-07 18:57:31,506 - root - INFO -     NDCG@5: 0.2421
2026-01-07 18:57:31,507 - root - INFO -     HitRate@10: 0.4310
2026-01-07 18:57:31,508 - root - INFO -     NDCG@10: 0.2758
2026-01-07 18:57:31,510 - root - INFO -     HitRate@15: 0.5045
2026-01-07 18:57:31,511 - root - INFO -     NDCG@15: 0.2952
2026-01-07 18:58:10,863 - root - INFO - Epoch 31/50
2026-01-07 18:58:10,864 - root - INFO -   Train Loss: 8.4526
2026-01-07 18:58:50,058 - root - INFO - Epoch 32/50
2026-01-07 18:58:50,060 - root - INFO -   Train Loss: 8.4411
2026-01-07 18:59:06,590 - root - INFO -   Validation Metrics:
2026-01-07 18:59:06,590 - root - INFO -     HitRate@5: 0.3278
2026-01-07 18:59:06,591 - root - INFO -     NDCG@5: 0.2428
2026-01-07 18:59:06,592 - root - INFO -     HitRate@10: 0.4322
2026-01-07 18:59:06,594 - root - INFO -     NDCG@10: 0.2765
2026-01-07 18:59:06,595 - root - INFO -     HitRate@15: 0.5067
2026-01-07 18:59:06,597 - root - INFO -     NDCG@15: 0.2962
2026-01-07 18:59:45,869 - root - INFO - Epoch 33/50
2026-01-07 18:59:45,870 - root - INFO -   Train Loss: 8.3955
2026-01-07 19:00:25,010 - root - INFO - Epoch 34/50
2026-01-07 19:00:25,011 - root - INFO -   Train Loss: 8.4112
2026-01-07 19:00:41,007 - root - INFO -   Validation Metrics:
2026-01-07 19:00:41,008 - root - INFO -     HitRate@5: 0.3276
2026-01-07 19:00:41,010 - root - INFO -     NDCG@5: 0.2422
2026-01-07 19:00:41,012 - root - INFO -     HitRate@10: 0.4309
2026-01-07 19:00:41,013 - root - INFO -     NDCG@10: 0.2755
2026-01-07 19:00:41,014 - root - INFO -     HitRate@15: 0.5031
2026-01-07 19:00:41,015 - root - INFO -     NDCG@15: 0.2946
2026-01-07 19:01:20,314 - root - INFO - Epoch 35/50
2026-01-07 19:01:20,315 - root - INFO -   Train Loss: 8.3608
2026-01-07 19:01:59,540 - root - INFO - Epoch 36/50
2026-01-07 19:01:59,542 - root - INFO -   Train Loss: 8.3583
2026-01-07 19:02:15,523 - root - INFO -   Validation Metrics:
2026-01-07 19:02:15,524 - root - INFO -     HitRate@5: 0.3328
2026-01-07 19:02:15,525 - root - INFO -     NDCG@5: 0.2472
2026-01-07 19:02:15,527 - root - INFO -     HitRate@10: 0.4344
2026-01-07 19:02:15,528 - root - INFO -     NDCG@10: 0.2799
2026-01-07 19:02:15,529 - root - INFO -     HitRate@15: 0.5094
2026-01-07 19:02:15,530 - root - INFO -     NDCG@15: 0.2997
2026-01-07 19:02:15,531 - root - INFO - Early stopping at epoch 36
2026-01-07 19:02:15,536 - root - INFO - Testing best model...
2026-01-07 19:02:31,437 - root - INFO - Test Results:
2026-01-07 19:02:31,438 - root - INFO -   HitRate@5: 0.3094
2026-01-07 19:02:31,439 - root - INFO -   NDCG@5: 0.2219
2026-01-07 19:02:31,440 - root - INFO -   HitRate@10: 0.4157
2026-01-07 19:02:31,442 - root - INFO -   NDCG@10: 0.2560
2026-01-07 19:02:31,444 - root - INFO -   HitRate@15: 0.4924
2026-01-07 19:02:31,445 - root - INFO -   NDCG@15: 0.2763
2026-01-07 19:02:31,446 - __main__ - INFO - Test Results: {'HitRate@5': 0.30936872959136963, 'NDCG@5': 0.2218605875968933, 'HitRate@10': 0.41568127274513245, 'NDCG@10': 0.2560415267944336, 'HitRate@15': 0.4923776388168335, 'NDCG@15': 0.27630311250686646}
